<?xml version="1.0" encoding="UTF-8"?>
<testsuite xmlns:xsi="http://www.w3.org/2001/XMLSchema-instance" xsi:noNamespaceSchemaLocation="https://maven.apache.org/surefire/maven-surefire-plugin/xsd/surefire-test-report-3.0.xsd" version="3.0" name="org.ihebut.patent.patent.controller.AuthControllerTest" time="5.162" tests="1" errors="0" skipped="0" failures="0">
  <properties>
[...]
</properties>
  <testcase name="testRegister_Success" classname="org.ihebut.patent.patent.controller.AuthControllerTest" time="0.669">
    <system-out><![CDATA[10:41:27.194 [main] INFO org.springframework.test.context.support.AnnotationConfigContextLoaderUtils -- Could not detect default configuration classes for test class [org.ihebut.patent.patent.controller.AuthControllerTest]: AuthControllerTest does not declare any static, non-private, non-final, nested classes annotated with @Configuration.
10:41:27.289 [main] INFO org.springframework.boot.test.context.SpringBootTestContextBootstrapper -- Found @SpringBootConfiguration org.ihebut.patent.patent.PatentApplication for test class org.ihebut.patent.patent.controller.AuthControllerTest

  .   ____          _            __ _ _
 /\\ / ___'_ __ _ _(_)_ __  __ _ \ \ \ \
( ( )\___ | '_ | '_| | '_ \/ _` | \ \ \ \
 \\/  ___)| |_)| | | | | || (_| |  ) ) ) )
  '  |____| .__|_| |_|_| |_\__, | / / / /
 =========|_|==============|___/=/_/_/_/
 :: Spring Boot ::                (v3.2.2)

2026-01-21T10:41:27.569+08:00  INFO 26264 --- [           main] o.i.p.p.controller.AuthControllerTest    : Starting AuthControllerTest using Java 17 with PID 26264 (started by HP in D:\patent\patent)
2026-01-21T10:41:27.569+08:00  INFO 26264 --- [           main] o.i.p.p.controller.AuthControllerTest    : No active profile set, falling back to 1 default profile: "default"
2026-01-21T10:41:28.090+08:00  INFO 26264 --- [           main] .s.d.r.c.RepositoryConfigurationDelegate : Bootstrapping Spring Data JPA repositories in DEFAULT mode.
2026-01-21T10:41:28.159+08:00  INFO 26264 --- [           main] .s.d.r.c.RepositoryConfigurationDelegate : Finished Spring Data repository scanning in 63 ms. Found 24 JPA repository interfaces.
2026-01-21T10:41:28.747+08:00  INFO 26264 --- [           main] o.hibernate.jpa.internal.util.LogHelper  : HHH000204: Processing PersistenceUnitInfo [name: default]
2026-01-21T10:41:28.785+08:00  INFO 26264 --- [           main] org.hibernate.Version                    : HHH000412: Hibernate ORM core version 6.4.1.Final
2026-01-21T10:41:28.810+08:00  INFO 26264 --- [           main] o.h.c.internal.RegionFactoryInitiator    : HHH000026: Second-level cache disabled
2026-01-21T10:41:29.071+08:00  INFO 26264 --- [           main] o.s.o.j.p.SpringPersistenceUnitInfo      : No LoadTimeWeaver setup: ignoring JPA class transformer
2026-01-21T10:41:29.112+08:00  INFO 26264 --- [           main] com.zaxxer.hikari.HikariDataSource       : HikariPool-1 - Starting...
2026-01-21T10:41:29.269+08:00  INFO 26264 --- [           main] com.zaxxer.hikari.pool.HikariPool        : HikariPool-1 - Added connection conn0: url=jdbc:h2:mem:patent_test user=SA
2026-01-21T10:41:29.270+08:00  INFO 26264 --- [           main] com.zaxxer.hikari.HikariDataSource       : HikariPool-1 - Start completed.
2026-01-21T10:41:30.133+08:00  INFO 26264 --- [           main] o.h.e.t.j.p.i.JtaPlatformInitiator       : HHH000489: No JTA platform available (set 'hibernate.transaction.jta.platform' to enable JTA platform integration)
2026-01-21T10:41:30.183+08:00  INFO 26264 --- [           main] j.LocalContainerEntityManagerFactoryBean : Initialized JPA EntityManagerFactory for persistence unit 'default'
2026-01-21T10:41:30.842+08:00  WARN 26264 --- [           main] JpaBaseConfiguration$JpaWebConfiguration : spring.jpa.open-in-view is enabled by default. Therefore, database queries may be performed during view rendering. Explicitly configure spring.jpa.open-in-view to disable this warning
2026-01-21T10:41:30.874+08:00  WARN 26264 --- [           main] .s.s.UserDetailsServiceAutoConfiguration : 

Using generated security password: a33d13ed-9b47-495f-a277-25d92dcf8da3

This generated password is for development use only. Your security configuration must be updated before running your application in production.

2026-01-21T10:41:31.174+08:00  INFO 26264 --- [           main] o.s.s.web.DefaultSecurityFilterChain     : Will secure any request with [org.springframework.security.web.session.DisableEncodeUrlFilter@6eacf3be, org.springframework.security.web.context.request.async.WebAsyncManagerIntegrationFilter@1912ba29, org.springframework.security.web.context.SecurityContextHolderFilter@7937f96e, org.springframework.security.web.header.HeaderWriterFilter@4ca83ec3, org.springframework.web.filter.CorsFilter@2c6ed95a, org.springframework.security.web.authentication.logout.LogoutFilter@440d45c5, org.ihebut.patent.patent.security.JwtAuthFilter@12faeada, org.springframework.security.web.authentication.www.BasicAuthenticationFilter@4ff3ca23, org.springframework.security.web.savedrequest.RequestCacheAwareFilter@ece769a, org.springframework.security.web.servletapi.SecurityContextHolderAwareRequestFilter@7baf7a9d, org.springframework.security.web.authentication.AnonymousAuthenticationFilter@62b72289, org.springframework.security.web.session.SessionManagementFilter@24710e61, org.springframework.security.web.access.ExceptionTranslationFilter@70eced1f, org.springframework.security.web.access.intercept.AuthorizationFilter@2202e978]
2026-01-21T10:41:31.550+08:00  INFO 26264 --- [           main] o.s.b.t.m.w.SpringBootMockServletContext : Initializing Spring TestDispatcherServlet ''
2026-01-21T10:41:31.550+08:00  INFO 26264 --- [           main] o.s.t.web.servlet.TestDispatcherServlet  : Initializing Servlet ''
2026-01-21T10:41:31.550+08:00  INFO 26264 --- [           main] o.s.t.web.servlet.TestDispatcherServlet  : Completed initialization in 0 ms
2026-01-21T10:41:31.574+08:00  INFO 26264 --- [           main] o.i.p.p.controller.AuthControllerTest    : Started AuthControllerTest in 4.194 seconds (process running for 4.826)

MockHttpServletRequest:
      HTTP Method = POST
      Request URI = /api/auth/register
       Parameters = {}
          Headers = [Content-Type:"application/json;charset=UTF-8", Content-Length:"129"]
             Body = {"username":"testuser_1768963291986","password":"123456","phone":"13800000000","email":"test@example.com","nickname":"Test User"}
    Session Attrs = {}

Handler:
             Type = org.ihebut.patent.patent.controller.AuthController
           Method = org.ihebut.patent.patent.controller.AuthController#register(RegisterRequest)

Async:
    Async started = false
     Async result = null

Resolved Exception:
             Type = null

ModelAndView:
        View name = null
             View = null
            Model = null

FlashMap:
       Attributes = null

MockHttpServletResponse:
           Status = 200
    Error message = null
          Headers = [Vary:"Origin", "Access-Control-Request-Method", "Access-Control-Request-Headers", Content-Type:"application/json", X-Content-Type-Options:"nosniff", X-XSS-Protection:"0", Cache-Control:"no-cache, no-store, max-age=0, must-revalidate", Pragma:"no-cache", Expires:"0", X-Frame-Options:"DENY"]
     Content type = application/json
             Body = {"code":0,"message":"操作成功","data":{"userId":1}}
    Forwarded URL = null
   Redirected URL = null
          Cookies = []
]]></system-out>
  </testcase>
</testsuite>