<?xml version="1.0" encoding="UTF-8"?>
<testsuite xmlns:xsi="http://www.w3.org/2001/XMLSchema-instance" xsi:noNamespaceSchemaLocation="https://maven.apache.org/surefire/maven-surefire-plugin/xsd/surefire-test-report-3.0.xsd" version="3.0" name="org.ihebut.patent.patent.controller.AuthControllerTest" time="23.366" tests="1" errors="0" skipped="0" failures="0">
  <properties>
[...]
</properties>
  <testcase name="testRegister_Success" classname="org.ihebut.patent.patent.controller.AuthControllerTest" time="3.529">
    <system-out><![CDATA[22:52:45.373 [main] INFO org.springframework.test.context.support.AnnotationConfigContextLoaderUtils -- Could not detect default configuration classes for test class [org.ihebut.patent.patent.controller.AuthControllerTest]: AuthControllerTest does not declare any static, non-private, non-final, nested classes annotated with @Configuration.
22:52:45.792 [main] INFO org.springframework.boot.test.context.SpringBootTestContextBootstrapper -- Found @SpringBootConfiguration org.ihebut.patent.patent.PatentApplication for test class org.ihebut.patent.patent.controller.AuthControllerTest

  .   ____          _            __ _ _
 /\\ / ___'_ __ _ _(_)_ __  __ _ \ \ \ \
( ( )\___ | '_ | '_| | '_ \/ _` | \ \ \ \
 \\/  ___)| |_)| | | | | || (_| |  ) ) ) )
  '  |____| .__|_| |_|_| |_\__, | / / / /
 =========|_|==============|___/=/_/_/_/
 :: Spring Boot ::                (v3.2.2)

2026-01-23T22:52:47.200+08:00  INFO 2792 --- [           main] o.i.p.p.controller.AuthControllerTest    : Starting AuthControllerTest using Java 17.0.12 with PID 2792 (started by liwen in D:\文件\知识产权服务平台\patent测试)
2026-01-23T22:52:47.207+08:00  INFO 2792 --- [           main] o.i.p.p.controller.AuthControllerTest    : No active profile set, falling back to 1 default profile: "default"
2026-01-23T22:52:49.534+08:00  INFO 2792 --- [           main] .s.d.r.c.RepositoryConfigurationDelegate : Bootstrapping Spring Data JPA repositories in DEFAULT mode.
2026-01-23T22:52:49.861+08:00  INFO 2792 --- [           main] .s.d.r.c.RepositoryConfigurationDelegate : Finished Spring Data repository scanning in 304 ms. Found 24 JPA repository interfaces.
2026-01-23T22:52:52.013+08:00  INFO 2792 --- [           main] o.hibernate.jpa.internal.util.LogHelper  : HHH000204: Processing PersistenceUnitInfo [name: default]
2026-01-23T22:52:52.458+08:00  INFO 2792 --- [           main] org.hibernate.Version                    : HHH000412: Hibernate ORM core version 6.4.1.Final
2026-01-23T22:52:52.581+08:00  INFO 2792 --- [           main] o.h.c.internal.RegionFactoryInitiator    : HHH000026: Second-level cache disabled
2026-01-23T22:52:53.463+08:00  INFO 2792 --- [           main] o.s.o.j.p.SpringPersistenceUnitInfo      : No LoadTimeWeaver setup: ignoring JPA class transformer
2026-01-23T22:52:53.565+08:00  INFO 2792 --- [           main] com.zaxxer.hikari.HikariDataSource       : HikariPool-1 - Starting...
2026-01-23T22:52:54.086+08:00  INFO 2792 --- [           main] com.zaxxer.hikari.pool.HikariPool        : HikariPool-1 - Added connection conn0: url=jdbc:h2:mem:patent_test user=ROOT
2026-01-23T22:52:54.091+08:00  INFO 2792 --- [           main] com.zaxxer.hikari.HikariDataSource       : HikariPool-1 - Start completed.
2026-01-23T22:52:57.615+08:00  INFO 2792 --- [           main] o.h.e.t.j.p.i.JtaPlatformInitiator       : HHH000489: No JTA platform available (set 'hibernate.transaction.jta.platform' to enable JTA platform integration)
2026-01-23T22:52:57.797+08:00  INFO 2792 --- [           main] j.LocalContainerEntityManagerFactoryBean : Initialized JPA EntityManagerFactory for persistence unit 'default'
2026-01-23T22:53:00.948+08:00  WARN 2792 --- [           main] JpaBaseConfiguration$JpaWebConfiguration : spring.jpa.open-in-view is enabled by default. Therefore, database queries may be performed during view rendering. Explicitly configure spring.jpa.open-in-view to disable this warning
2026-01-23T22:53:01.137+08:00  WARN 2792 --- [           main] .s.s.UserDetailsServiceAutoConfiguration : 

Using generated security password: fa1d8da1-ea50-4121-bb72-c992e7097d67

This generated password is for development use only. Your security configuration must be updated before running your application in production.

2026-01-23T22:53:02.655+08:00  INFO 2792 --- [           main] o.s.s.web.DefaultSecurityFilterChain     : Will secure any request with [org.springframework.security.web.session.DisableEncodeUrlFilter@4fc9e73d, org.springframework.security.web.context.request.async.WebAsyncManagerIntegrationFilter@2ca3a203, org.springframework.security.web.context.SecurityContextHolderFilter@41030c21, org.springframework.security.web.header.HeaderWriterFilter@27879518, org.springframework.web.filter.CorsFilter@58052571, org.springframework.security.web.authentication.logout.LogoutFilter@65f8933b, org.ihebut.patent.patent.security.JwtAuthFilter@732ae29c, org.springframework.security.web.authentication.www.BasicAuthenticationFilter@13198b8e, org.springframework.security.web.savedrequest.RequestCacheAwareFilter@2527765a, org.springframework.security.web.servletapi.SecurityContextHolderAwareRequestFilter@6ea4b4b2, org.springframework.security.web.authentication.AnonymousAuthenticationFilter@1464a177, org.springframework.security.web.session.SessionManagementFilter@2b3ac26d, org.springframework.security.web.access.ExceptionTranslationFilter@7baf7a9d, org.springframework.security.web.access.intercept.AuthorizationFilter@4bd7e0b6]
2026-01-23T22:53:04.550+08:00  INFO 2792 --- [           main] o.s.b.t.m.w.SpringBootMockServletContext : Initializing Spring TestDispatcherServlet ''
2026-01-23T22:53:04.559+08:00  INFO 2792 --- [           main] o.s.t.web.servlet.TestDispatcherServlet  : Initializing Servlet ''
2026-01-23T22:53:04.562+08:00  INFO 2792 --- [           main] o.s.t.web.servlet.TestDispatcherServlet  : Completed initialization in 3 ms
2026-01-23T22:53:04.660+08:00  INFO 2792 --- [           main] o.i.p.p.controller.AuthControllerTest    : Started AuthControllerTest in 18.374 seconds (process running for 21.417)

MockHttpServletRequest:
      HTTP Method = POST
      Request URI = /api/auth/register
       Parameters = {}
          Headers = [Content-Type:"application/json;charset=UTF-8", Content-Length:"129"]
             Body = {"username":"testuser_1769179987191","password":"123456","phone":"13800000000","email":"test@example.com","nickname":"Test User"}
    Session Attrs = {}

Handler:
             Type = org.ihebut.patent.patent.controller.AuthController
           Method = org.ihebut.patent.patent.controller.AuthController#register(RegisterRequest)

Async:
    Async started = false
     Async result = null

Resolved Exception:
             Type = null

ModelAndView:
        View name = null
             View = null
            Model = null

FlashMap:
       Attributes = null

MockHttpServletResponse:
           Status = 200
    Error message = null
          Headers = [Vary:"Origin", "Access-Control-Request-Method", "Access-Control-Request-Headers", Content-Type:"application/json", X-Content-Type-Options:"nosniff", X-XSS-Protection:"0", Cache-Control:"no-cache, no-store, max-age=0, must-revalidate", Pragma:"no-cache", Expires:"0", X-Frame-Options:"DENY"]
     Content type = application/json
             Body = {"code":0,"message":"操作成功","data":{"userId":1}}
    Forwarded URL = null
   Redirected URL = null
          Cookies = []
]]></system-out>
  </testcase>
</testsuite>